   ********************************************
   ***                                      ***
   ***             FoldX 5 (c)              ***
   ***                                      ***
   ***     code by the FoldX Consortium     ***
   ***                                      ***
   ***     Jesper Borg, Frederic Rousseau   ***
   ***    Joost Schymkowitz, Luis Serrano   ***
   ***    Peter Vanhee, Erik Verschueren    ***
   ***     Lies Baeten, Javier Delgado      ***
   ***       and Francois Stricher          ***
   *** and any other of the 9! permutations ***
   ***   based on an original concept by    ***
   ***   Raphael Guerois and Luis Serrano   ***
   ********************************************

1 models read: YTH24_model3_emref_13_EB19C.pdb
Output: sg_workdir/YTH24_model3_emref_13_EB19C/YTH24_model3_emref_13_EB19C.log

BackHbond       =               -331.25
SideHbond       =               -146.85
Energy_VdW      =               -655.18
Electro         =               -40.47
Energy_SolvP    =               929.56
Energy_SolvH    =               -833.09
Energy_vdwclash =               96.49
energy_torsion  =               44.71
backbone_vdwclash=              140.14
Entropy_sidec   =               359.72
Entropy_mainc   =               946.93
water bonds     =               0.00
helix dipole    =               -0.55
loop_entropy    =               0.00
cis_bond        =               3.37
disulfide       =               -31.50
kn electrostatic=               -0.17
partial covalent interactions = 0.00
Energy_Ionisation =             1.51
Entropy Complex =               0.00
-----------------------------------------------------------
Total          = 				  343.24

Starting BuildModel
Reading EB19C;
Residue to Mutate GLUB19 has residue index 248
Mutating residue = GLUB19 into CYS
Your file run OK
End time of FoldX: Tue Nov 29 17:27:58 2022
Total time spend: 18.63 seconds.
validated file "YTH24_model3_emref_13_EB19C_1.pdb" => successfully finished
Cleaning BuildModel...DONE
