   ********************************************
   ***                                      ***
   ***             FoldX 5 (c)              ***
   ***                                      ***
   ***     code by the FoldX Consortium     ***
   ***                                      ***
   ***     Jesper Borg, Frederic Rousseau   ***
   ***    Joost Schymkowitz, Luis Serrano   ***
   ***    Peter Vanhee, Erik Verschueren    ***
   ***     Lies Baeten, Javier Delgado      ***
   ***       and Francois Stricher          ***
   *** and any other of the 9! permutations ***
   ***   based on an original concept by    ***
   ***   Raphael Guerois and Luis Serrano   ***
   ********************************************

1 models read: rank22_model1_mdref_44_TB20C.pdb
Output: sg_workdir/rank22_model1_mdref_44_TB20C/rank22_model1_mdref_44_TB20C.log

BackHbond       =               -308.65
SideHbond       =               -136.91
Energy_VdW      =               -635.63
Electro         =               -33.76
Energy_SolvP    =               895.38
Energy_SolvH    =               -809.34
Energy_vdwclash =               79.01
energy_torsion  =               35.52
backbone_vdwclash=              142.39
Entropy_sidec   =               345.65
Entropy_mainc   =               937.26
water bonds     =               0.00
helix dipole    =               -0.63
loop_entropy    =               0.00
cis_bond        =               3.37
disulfide       =               -31.47
kn electrostatic=               -0.11
partial covalent interactions = 0.00
Energy_Ionisation =             1.48
Entropy Complex =               0.00
-----------------------------------------------------------
Total          = 				  341.17

Starting BuildModel
Reading TB20C;
Residue to Mutate THRB20 has residue index 249
Mutating residue = THRB20 into CYS
Your file run OK
End time of FoldX: Tue Dec 13 15:22:24 2022
Total time spend: 10.59 seconds.
validated file "rank22_model1_mdref_44_TB20C_1.pdb" => successfully finished
Cleaning BuildModel...DONE
